app/build/intermediates/manifest_merge_blame_file/release/manifest-merger-blame-release-report.txt
1<?xml version="1.0" encoding="utf-8"?>
2<manifest xmlns:android="http://schemas.android.com/apk/res/android"
3    package="com.example.proyectois"
4    android:versionCode="1"
5    android:versionName="1.0" >
6
7    <uses-sdk
8        android:minSdkVersion="21"
8-->src\main\AndroidManifest.xml
9        android:targetSdkVersion="32" />
9-->src\main\AndroidManifest.xml
10
11    <uses-permission android:name="android.permission.INTERNET" />
11-->src\main\AndroidManifest.xml:4:5-67
11-->src\main\AndroidManifest.xml:4:22-64
12
13    <queries>
13-->[com.facebook.android:facebook-common:15.1.0] AndroidManifest.xml:17:5-19:15
14        <package android:name="com.facebook.katana" />
14-->[com.facebook.android:facebook-common:15.1.0] AndroidManifest.xml:18:9-55
14-->[com.facebook.android:facebook-common:15.1.0] AndroidManifest.xml:18:18-52
15    </queries>
16
17    <uses-permission android:name="com.google.android.gms.permission.AD_ID" />
17-->[com.facebook.android:facebook-core:15.1.0] AndroidManifest.xml:16:5-79
17-->[com.facebook.android:facebook-core:15.1.0] AndroidManifest.xml:16:22-76
18    <uses-permission android:name="android.permission.ACCESS_NETWORK_STATE" />
18-->[com.google.firebase:firebase-auth:21.0.4] AndroidManifest.xml:24:5-79
18-->[com.google.firebase:firebase-auth:21.0.4] AndroidManifest.xml:24:22-76
19    <uses-permission android:name="com.google.android.finsky.permission.BIND_GET_INSTALL_REFERRER_SERVICE" />
19-->[com.android.installreferrer:installreferrer:1.0] AndroidManifest.xml:9:5-110
19-->[com.android.installreferrer:installreferrer:1.0] AndroidManifest.xml:9:22-107
20
21    <application
21-->src\main\AndroidManifest.xml:6:5-96:19
22        android:allowBackup="true"
22-->src\main\AndroidManifest.xml:7:9-35
23        android:appComponentFactory="androidx.core.app.CoreComponentFactory"
23-->[androidx.core:core:1.7.0] AndroidManifest.xml:24:18-86
24        android:icon="@mipmap/ic_launcher"
24-->src\main\AndroidManifest.xml:8:9-43
25        android:label="@string/app_name"
25-->src\main\AndroidManifest.xml:9:9-41
26        android:roundIcon="@mipmap/ic_launcher_round"
26-->src\main\AndroidManifest.xml:10:9-54
27        android:supportsRtl="true"
27-->src\main\AndroidManifest.xml:11:9-35
28        android:theme="@style/Theme.ProyectoIS" >
28-->src\main\AndroidManifest.xml:12:9-48
29        <activity
29-->src\main\AndroidManifest.xml:13:9-15:40
30            android:name="com.example.proyectois.ContactoForm"
30-->src\main\AndroidManifest.xml:14:13-41
31            android:exported="false" />
31-->src\main\AndroidManifest.xml:15:13-37
32        <activity
32-->src\main\AndroidManifest.xml:16:9-18:40
33            android:name="com.example.proyectois.ContactoAdapter"
33-->src\main\AndroidManifest.xml:17:13-44
34            android:exported="false" />
34-->src\main\AndroidManifest.xml:18:13-37
35        <activity
35-->src\main\AndroidManifest.xml:19:9-21:40
36            android:name="com.example.proyectois.MisLogros"
36-->src\main\AndroidManifest.xml:20:13-38
37            android:exported="false" />
37-->src\main\AndroidManifest.xml:21:13-37
38        <activity
38-->src\main\AndroidManifest.xml:22:9-24:40
39            android:name="com.example.proyectois.Preguntas"
39-->src\main\AndroidManifest.xml:23:13-38
40            android:exported="false" />
40-->src\main\AndroidManifest.xml:24:13-37
41        <activity
41-->src\main\AndroidManifest.xml:25:9-27:40
42            android:name="com.example.proyectois.Apartados"
42-->src\main\AndroidManifest.xml:26:13-38
43            android:exported="false" />
43-->src\main\AndroidManifest.xml:27:13-37
44        <activity
44-->src\main\AndroidManifest.xml:28:9-30:40
45            android:name="com.example.proyectois.Ayuda"
45-->src\main\AndroidManifest.xml:29:13-34
46            android:exported="false" />
46-->src\main\AndroidManifest.xml:30:13-37
47        <activity
47-->src\main\AndroidManifest.xml:31:9-33:40
48            android:name="com.example.proyectois.PrimerosPasos"
48-->src\main\AndroidManifest.xml:32:13-42
49            android:exported="false" />
49-->src\main\AndroidManifest.xml:33:13-37
50        <activity
50-->src\main\AndroidManifest.xml:34:9-36:40
51            android:name="com.example.proyectois.ContactosActivity"
51-->src\main\AndroidManifest.xml:35:13-46
52            android:exported="false" />
52-->src\main\AndroidManifest.xml:36:13-37
53        <activity
53-->src\main\AndroidManifest.xml:37:9-39:40
54            android:name="com.example.proyectois.RecordatoriosActivity"
54-->src\main\AndroidManifest.xml:38:13-50
55            android:exported="false" />
55-->src\main\AndroidManifest.xml:39:13-37
56        <activity
56-->src\main\AndroidManifest.xml:40:9-42:40
57            android:name="com.example.proyectois.CapacitacionActivity"
57-->src\main\AndroidManifest.xml:41:13-49
58            android:exported="false" />
58-->src\main\AndroidManifest.xml:42:13-37
59        <activity
59-->src\main\AndroidManifest.xml:43:9-46:58
60            android:name="com.example.proyectois.ActivityResetPassword"
60-->src\main\AndroidManifest.xml:44:13-50
61            android:exported="false"
61-->src\main\AndroidManifest.xml:45:13-37
62            android:windowSoftInputMode="adjustResize" />
62-->src\main\AndroidManifest.xml:46:13-55
63        <activity
63-->src\main\AndroidManifest.xml:47:9-50:58
64            android:name="com.example.proyectois.MainActivity3"
64-->src\main\AndroidManifest.xml:48:13-42
65            android:exported="false"
65-->src\main\AndroidManifest.xml:49:13-37
66            android:windowSoftInputMode="adjustResize" />
66-->src\main\AndroidManifest.xml:50:13-55
67        <activity
67-->src\main\AndroidManifest.xml:51:9-54:58
68            android:name="com.example.proyectois.MainActivity2"
68-->src\main\AndroidManifest.xml:52:13-42
69            android:exported="false"
69-->src\main\AndroidManifest.xml:53:13-37
70            android:windowSoftInputMode="adjustResize" />
70-->src\main\AndroidManifest.xml:54:13-55
71        <activity
71-->src\main\AndroidManifest.xml:55:9-64:20
72            android:name="com.example.proyectois.SplashActivity"
72-->src\main\AndroidManifest.xml:56:13-43
73            android:exported="true"
73-->src\main\AndroidManifest.xml:57:13-36
74            android:theme="@style/SplashTheme" >
74-->src\main\AndroidManifest.xml:58:13-47
75            <intent-filter>
75-->src\main\AndroidManifest.xml:59:13-63:29
76                <action android:name="android.intent.action.MAIN" />
76-->src\main\AndroidManifest.xml:60:17-69
76-->src\main\AndroidManifest.xml:60:25-66
77
78                <category android:name="android.intent.category.LAUNCHER" />
78-->src\main\AndroidManifest.xml:62:17-77
78-->src\main\AndroidManifest.xml:62:27-74
79            </intent-filter>
80        </activity>
81        <activity
81-->src\main\AndroidManifest.xml:65:9-68:58
82            android:name="com.example.proyectois.MainActivity"
82-->src\main\AndroidManifest.xml:66:13-41
83            android:exported="false"
83-->src\main\AndroidManifest.xml:67:13-37
84            android:windowSoftInputMode="adjustResize" />
84-->src\main\AndroidManifest.xml:68:13-55
85
86        <meta-data
86-->src\main\AndroidManifest.xml:70:9-72:57
87            android:name="preloaded_fonts"
87-->src\main\AndroidManifest.xml:71:13-43
88            android:resource="@array/preloaded_fonts" />
88-->src\main\AndroidManifest.xml:72:13-54
89        <meta-data
89-->src\main\AndroidManifest.xml:73:9-75:55
90            android:name="com.facebook.sdk.ApplicationId"
90-->src\main\AndroidManifest.xml:74:13-58
91            android:value="@string/facebook_app_id" />
91-->src\main\AndroidManifest.xml:75:13-52
92        <meta-data
92-->src\main\AndroidManifest.xml:76:9-78:61
93            android:name="com.facebook.sdk.ClientToken"
93-->src\main\AndroidManifest.xml:77:13-56
94            android:value="@string/facebook_client_token" />
94-->src\main\AndroidManifest.xml:78:13-58
95
96        <activity
96-->src\main\AndroidManifest.xml:80:9-83:48
97            android:name="com.facebook.FacebookActivity"
97-->src\main\AndroidManifest.xml:81:13-57
98            android:configChanges="keyboard|keyboardHidden|screenLayout|screenSize|orientation"
98-->src\main\AndroidManifest.xml:82:13-96
99            android:label="@string/app_name"
99-->src\main\AndroidManifest.xml:83:13-45
100            android:theme="@style/com_facebook_activity_theme" />
100-->[com.facebook.android:facebook-common:15.1.0] AndroidManifest.xml:25:13-63
101        <activity
101-->src\main\AndroidManifest.xml:84:9-95:20
102            android:name="com.facebook.CustomTabActivity"
102-->src\main\AndroidManifest.xml:85:13-58
103            android:exported="true" >
103-->src\main\AndroidManifest.xml:86:13-36
104            <intent-filter>
104-->src\main\AndroidManifest.xml:87:13-94:29
105                <action android:name="android.intent.action.VIEW" />
105-->src\main\AndroidManifest.xml:88:17-69
105-->src\main\AndroidManifest.xml:88:25-66
106
107                <category android:name="android.intent.category.DEFAULT" />
107-->src\main\AndroidManifest.xml:90:17-76
107-->src\main\AndroidManifest.xml:90:27-73
108                <category android:name="android.intent.category.BROWSABLE" />
108-->src\main\AndroidManifest.xml:91:17-78
108-->src\main\AndroidManifest.xml:91:27-75
109
110                <data android:scheme="@string/fb_login_protocol_scheme" />
110-->src\main\AndroidManifest.xml:93:17-75
110-->src\main\AndroidManifest.xml:93:23-72
111            </intent-filter>
112            <intent-filter>
112-->[com.facebook.android:facebook-common:15.1.0] AndroidManifest.xml:31:13-40:29
113                <action android:name="android.intent.action.VIEW" />
113-->src\main\AndroidManifest.xml:88:17-69
113-->src\main\AndroidManifest.xml:88:25-66
114
115                <category android:name="android.intent.category.DEFAULT" />
115-->src\main\AndroidManifest.xml:90:17-76
115-->src\main\AndroidManifest.xml:90:27-73
116                <category android:name="android.intent.category.BROWSABLE" />
116-->src\main\AndroidManifest.xml:91:17-78
116-->src\main\AndroidManifest.xml:91:27-75
117
118                <data
118-->src\main\AndroidManifest.xml:93:17-75
119                    android:host="cct.com.example.proyectois"
120                    android:scheme="fbconnect" />
120-->src\main\AndroidManifest.xml:93:23-72
121            </intent-filter>
122        </activity>
123
124        <service
124-->[com.google.firebase:firebase-firestore-ktx:24.3.1] AndroidManifest.xml:12:9-18:19
125            android:name="com.google.firebase.components.ComponentDiscoveryService"
125-->[com.google.firebase:firebase-firestore-ktx:24.3.1] AndroidManifest.xml:13:13-84
126            android:directBootAware="true"
126-->[com.google.firebase:firebase-common:20.1.2] AndroidManifest.xml:35:13-43
127            android:exported="false" >
127-->[com.google.firebase:firebase-firestore-ktx:24.3.1] AndroidManifest.xml:14:13-37
128            <meta-data
128-->[com.google.firebase:firebase-firestore-ktx:24.3.1] AndroidManifest.xml:15:13-17:85
129                android:name="com.google.firebase.components:com.google.firebase.firestore.ktx.FirebaseFirestoreKtxRegistrar"
129-->[com.google.firebase:firebase-firestore-ktx:24.3.1] AndroidManifest.xml:16:17-126
130                android:value="com.google.firebase.components.ComponentRegistrar" />
130-->[com.google.firebase:firebase-firestore-ktx:24.3.1] AndroidManifest.xml:17:17-82
131            <meta-data
131-->[com.google.firebase:firebase-auth-ktx:21.0.4] AndroidManifest.xml:11:13-13:85
132                android:name="com.google.firebase.components:com.google.firebase.auth.ktx.FirebaseAuthKtxRegistrar"
132-->[com.google.firebase:firebase-auth-ktx:21.0.4] AndroidManifest.xml:12:17-116
133                android:value="com.google.firebase.components.ComponentRegistrar" />
133-->[com.google.firebase:firebase-auth-ktx:21.0.4] AndroidManifest.xml:13:17-82
134            <meta-data
134-->[com.google.firebase:firebase-auth:21.0.4] AndroidManifest.xml:67:13-69:85
135                android:name="com.google.firebase.components:com.google.firebase.auth.FirebaseAuthRegistrar"
135-->[com.google.firebase:firebase-auth:21.0.4] AndroidManifest.xml:68:17-109
136                android:value="com.google.firebase.components.ComponentRegistrar" />
136-->[com.google.firebase:firebase-auth:21.0.4] AndroidManifest.xml:69:17-82
137            <meta-data
137-->[com.google.firebase:firebase-common-ktx:20.1.2] AndroidManifest.xml:15:13-17:85
138                android:name="com.google.firebase.components:com.google.firebase.ktx.FirebaseCommonKtxRegistrar"
138-->[com.google.firebase:firebase-common-ktx:20.1.2] AndroidManifest.xml:16:17-113
139                android:value="com.google.firebase.components.ComponentRegistrar" />
139-->[com.google.firebase:firebase-common-ktx:20.1.2] AndroidManifest.xml:17:17-82
140            <meta-data
140-->[com.google.firebase:firebase-firestore:24.3.1] AndroidManifest.xml:20:13-22:85
141                android:name="com.google.firebase.components:com.google.firebase.firestore.FirestoreRegistrar"
141-->[com.google.firebase:firebase-firestore:24.3.1] AndroidManifest.xml:21:17-111
142                android:value="com.google.firebase.components.ComponentRegistrar" />
142-->[com.google.firebase:firebase-firestore:24.3.1] AndroidManifest.xml:22:17-82
143        </service>
144
145        <activity android:name="com.facebook.CustomTabMainActivity" />
145-->[com.facebook.android:facebook-common:15.1.0] AndroidManifest.xml:26:9-71
145-->[com.facebook.android:facebook-common:15.1.0] AndroidManifest.xml:26:19-68
146        <!--
147         The initialization ContentProvider will call FacebookSdk.sdkInitialize automatically
148         with the application context. This config is merged in with the host app's manifest,
149         but there can only be one provider with the same authority activated at any given
150         point; so if the end user has two or more different apps that use Facebook SDK, only the
151         first one will be able to use the provider. To work around this problem, we use the
152         following placeholder in the authority to identify each host application as if it was
153         a completely different provider.
154        -->
155        <provider
155-->[com.facebook.android:facebook-core:15.1.0] AndroidManifest.xml:29:9-32:40
156            android:name="com.facebook.internal.FacebookInitProvider"
156-->[com.facebook.android:facebook-core:15.1.0] AndroidManifest.xml:30:13-70
157            android:authorities="com.example.proyectois.FacebookInitProvider"
157-->[com.facebook.android:facebook-core:15.1.0] AndroidManifest.xml:31:13-72
158            android:exported="false" />
158-->[com.facebook.android:facebook-core:15.1.0] AndroidManifest.xml:32:13-37
159
160        <receiver
160-->[com.facebook.android:facebook-core:15.1.0] AndroidManifest.xml:34:9-40:20
161            android:name="com.facebook.CurrentAccessTokenExpirationBroadcastReceiver"
161-->[com.facebook.android:facebook-core:15.1.0] AndroidManifest.xml:35:13-86
162            android:exported="false" >
162-->[com.facebook.android:facebook-core:15.1.0] AndroidManifest.xml:36:13-37
163            <intent-filter>
163-->[com.facebook.android:facebook-core:15.1.0] AndroidManifest.xml:37:13-39:29
164                <action android:name="com.facebook.sdk.ACTION_CURRENT_ACCESS_TOKEN_CHANGED" />
164-->[com.facebook.android:facebook-core:15.1.0] AndroidManifest.xml:38:17-95
164-->[com.facebook.android:facebook-core:15.1.0] AndroidManifest.xml:38:25-92
165            </intent-filter>
166        </receiver>
167        <receiver
167-->[com.facebook.android:facebook-core:15.1.0] AndroidManifest.xml:41:9-47:20
168            android:name="com.facebook.AuthenticationTokenManager$CurrentAuthenticationTokenChangedBroadcastReceiver"
168-->[com.facebook.android:facebook-core:15.1.0] AndroidManifest.xml:42:13-118
169            android:exported="false" >
169-->[com.facebook.android:facebook-core:15.1.0] AndroidManifest.xml:43:13-37
170            <intent-filter>
170-->[com.facebook.android:facebook-core:15.1.0] AndroidManifest.xml:44:13-46:29
171                <action android:name="com.facebook.sdk.ACTION_CURRENT_AUTHENTICATION_TOKEN_CHANGED" />
171-->[com.facebook.android:facebook-core:15.1.0] AndroidManifest.xml:45:17-103
171-->[com.facebook.android:facebook-core:15.1.0] AndroidManifest.xml:45:25-100
172            </intent-filter>
173        </receiver>
174
175        <activity
175-->[com.google.firebase:firebase-auth:21.0.4] AndroidManifest.xml:27:9-44:20
176            android:name="com.google.firebase.auth.internal.GenericIdpActivity"
176-->[com.google.firebase:firebase-auth:21.0.4] AndroidManifest.xml:28:13-80
177            android:excludeFromRecents="true"
177-->[com.google.firebase:firebase-auth:21.0.4] AndroidManifest.xml:29:13-46
178            android:exported="true"
178-->[com.google.firebase:firebase-auth:21.0.4] AndroidManifest.xml:30:13-36
179            android:launchMode="singleTask"
179-->[com.google.firebase:firebase-auth:21.0.4] AndroidManifest.xml:31:13-44
180            android:theme="@android:style/Theme.Translucent.NoTitleBar" >
180-->[com.google.firebase:firebase-auth:21.0.4] AndroidManifest.xml:32:13-72
181            <intent-filter>
181-->[com.google.firebase:firebase-auth:21.0.4] AndroidManifest.xml:33:13-43:29
182                <action android:name="android.intent.action.VIEW" />
182-->src\main\AndroidManifest.xml:88:17-69
182-->src\main\AndroidManifest.xml:88:25-66
183
184                <category android:name="android.intent.category.DEFAULT" />
184-->src\main\AndroidManifest.xml:90:17-76
184-->src\main\AndroidManifest.xml:90:27-73
185                <category android:name="android.intent.category.BROWSABLE" />
185-->src\main\AndroidManifest.xml:91:17-78
185-->src\main\AndroidManifest.xml:91:27-75
186
187                <data
187-->src\main\AndroidManifest.xml:93:17-75
188                    android:host="firebase.auth"
189                    android:path="/"
190                    android:scheme="genericidp" />
190-->src\main\AndroidManifest.xml:93:23-72
191            </intent-filter>
192        </activity>
193        <activity
193-->[com.google.firebase:firebase-auth:21.0.4] AndroidManifest.xml:45:9-62:20
194            android:name="com.google.firebase.auth.internal.RecaptchaActivity"
194-->[com.google.firebase:firebase-auth:21.0.4] AndroidManifest.xml:46:13-79
195            android:excludeFromRecents="true"
195-->[com.google.firebase:firebase-auth:21.0.4] AndroidManifest.xml:47:13-46
196            android:exported="true"
196-->[com.google.firebase:firebase-auth:21.0.4] AndroidManifest.xml:48:13-36
197            android:launchMode="singleTask"
197-->[com.google.firebase:firebase-auth:21.0.4] AndroidManifest.xml:49:13-44
198            android:theme="@android:style/Theme.Translucent.NoTitleBar" >
198-->[com.google.firebase:firebase-auth:21.0.4] AndroidManifest.xml:50:13-72
199            <intent-filter>
199-->[com.google.firebase:firebase-auth:21.0.4] AndroidManifest.xml:51:13-61:29
200                <action android:name="android.intent.action.VIEW" />
200-->src\main\AndroidManifest.xml:88:17-69
200-->src\main\AndroidManifest.xml:88:25-66
201
202                <category android:name="android.intent.category.DEFAULT" />
202-->src\main\AndroidManifest.xml:90:17-76
202-->src\main\AndroidManifest.xml:90:27-73
203                <category android:name="android.intent.category.BROWSABLE" />
203-->src\main\AndroidManifest.xml:91:17-78
203-->src\main\AndroidManifest.xml:91:27-75
204
205                <data
205-->src\main\AndroidManifest.xml:93:17-75
206                    android:host="firebase.auth"
207                    android:path="/"
208                    android:scheme="recaptcha" />
208-->src\main\AndroidManifest.xml:93:23-72
209            </intent-filter>
210        </activity>
211        <activity
211-->[com.google.android.gms:play-services-auth:20.2.0] AndroidManifest.xml:23:9-27:75
212            android:name="com.google.android.gms.auth.api.signin.internal.SignInHubActivity"
212-->[com.google.android.gms:play-services-auth:20.2.0] AndroidManifest.xml:24:13-93
213            android:excludeFromRecents="true"
213-->[com.google.android.gms:play-services-auth:20.2.0] AndroidManifest.xml:25:13-46
214            android:exported="false"
214-->[com.google.android.gms:play-services-auth:20.2.0] AndroidManifest.xml:26:13-37
215            android:theme="@android:style/Theme.Translucent.NoTitleBar" />
215-->[com.google.android.gms:play-services-auth:20.2.0] AndroidManifest.xml:27:13-72
216        <!--
217            Service handling Google Sign-In user revocation. For apps that do not integrate with
218            Google Sign-In, this service will never be started.
219        -->
220        <service
220-->[com.google.android.gms:play-services-auth:20.2.0] AndroidManifest.xml:33:9-37:51
221            android:name="com.google.android.gms.auth.api.signin.RevocationBoundService"
221-->[com.google.android.gms:play-services-auth:20.2.0] AndroidManifest.xml:34:13-89
222            android:exported="true"
222-->[com.google.android.gms:play-services-auth:20.2.0] AndroidManifest.xml:35:13-36
223            android:permission="com.google.android.gms.auth.api.signin.permission.REVOCATION_NOTIFICATION"
223-->[com.google.android.gms:play-services-auth:20.2.0] AndroidManifest.xml:36:13-107
224            android:visibleToInstantApps="true" />
224-->[com.google.android.gms:play-services-auth:20.2.0] AndroidManifest.xml:37:13-48
225
226        <provider
226-->[com.google.firebase:firebase-common:20.1.2] AndroidManifest.xml:26:9-31:39
227            android:name="com.google.firebase.provider.FirebaseInitProvider"
227-->[com.google.firebase:firebase-common:20.1.2] AndroidManifest.xml:27:13-77
228            android:authorities="com.example.proyectois.firebaseinitprovider"
228-->[com.google.firebase:firebase-common:20.1.2] AndroidManifest.xml:28:13-72
229            android:directBootAware="true"
229-->[com.google.firebase:firebase-common:20.1.2] AndroidManifest.xml:29:13-43
230            android:exported="false"
230-->[com.google.firebase:firebase-common:20.1.2] AndroidManifest.xml:30:13-37
231            android:initOrder="100" />
231-->[com.google.firebase:firebase-common:20.1.2] AndroidManifest.xml:31:13-36
232
233        <activity
233-->[com.google.android.gms:play-services-base:18.0.1] AndroidManifest.xml:20:9-22:45
234            android:name="com.google.android.gms.common.api.GoogleApiActivity"
234-->[com.google.android.gms:play-services-base:18.0.1] AndroidManifest.xml:20:19-85
235            android:exported="false"
235-->[com.google.android.gms:play-services-base:18.0.1] AndroidManifest.xml:22:19-43
236            android:theme="@android:style/Theme.Translucent.NoTitleBar" />
236-->[com.google.android.gms:play-services-base:18.0.1] AndroidManifest.xml:21:19-78
237
238        <meta-data
238-->[com.google.android.gms:play-services-basement:18.1.0] AndroidManifest.xml:21:9-23:69
239            android:name="com.google.android.gms.version"
239-->[com.google.android.gms:play-services-basement:18.1.0] AndroidManifest.xml:22:13-58
240            android:value="@integer/google_play_services_version" />
240-->[com.google.android.gms:play-services-basement:18.1.0] AndroidManifest.xml:23:13-66
241
242        <provider
242-->[androidx.emoji2:emoji2:1.0.0] AndroidManifest.xml:26:9-34:20
243            android:name="androidx.startup.InitializationProvider"
243-->[androidx.emoji2:emoji2:1.0.0] AndroidManifest.xml:27:13-67
244            android:authorities="com.example.proyectois.androidx-startup"
244-->[androidx.emoji2:emoji2:1.0.0] AndroidManifest.xml:28:13-68
245            android:exported="false" >
245-->[androidx.emoji2:emoji2:1.0.0] AndroidManifest.xml:29:13-37
246            <meta-data
246-->[androidx.emoji2:emoji2:1.0.0] AndroidManifest.xml:31:13-33:52
247                android:name="androidx.emoji2.text.EmojiCompatInitializer"
247-->[androidx.emoji2:emoji2:1.0.0] AndroidManifest.xml:32:17-75
248                android:value="androidx.startup" />
248-->[androidx.emoji2:emoji2:1.0.0] AndroidManifest.xml:33:17-49
249            <meta-data
249-->[androidx.lifecycle:lifecycle-process:2.4.0] AndroidManifest.xml:31:13-33:52
250                android:name="androidx.lifecycle.ProcessLifecycleInitializer"
250-->[androidx.lifecycle:lifecycle-process:2.4.0] AndroidManifest.xml:32:17-78
251                android:value="androidx.startup" />
251-->[androidx.lifecycle:lifecycle-process:2.4.0] AndroidManifest.xml:33:17-49
252        </provider>
253    </application>
254
255</manifest>